{"ts":1709035403441,"action":"IDE_ACTIVATED"}
{"ts":1709035404466,"action":"FILE_OPENED","file":"/package.json","tags":{"FILE_LINE_OF_CODE":"12"}}
{"ts":1709035406282,"action":"IDE_DEACTIVATED"}
{"ts":1709035434389,"action":"IDE_ACTIVATED"}
{"ts":1709035439922,"action":"IDE_DEACTIVATED"}
{"ts":1709035441933,"action":"IDE_ACTIVATED"}
{"ts":1709035442415,"action":"IDE_DEACTIVATED"}
{"ts":1709035475088,"action":"IDE_ACTIVATED"}
{"ts":1709035479616,"action":"IDE_DEACTIVATED"}
{"ts":1709035519382,"action":"IDE_ACTIVATED"}
{"ts":1709035520459,"action":"FILE_CLOSED","file":"/package.json","tags":{"FILE_LINE_OF_CODE":"23"}}
{"ts":1709035520464,"action":"FILE_OPENED","file":"/tsconfig.json","tags":{"FILE_LINE_OF_CODE":"110"}}
{"ts":1709035523061,"action":"IDE_DEACTIVATED"}
{"ts":1709035523976,"action":"IDE_ACTIVATED"}
{"ts":1709035526115,"action":"IDE_DEACTIVATED"}
{"ts":1709035526944,"action":"IDE_ACTIVATED"}
{"ts":1709035532871,"action":"IDE_DEACTIVATED"}
{"ts":1709035533991,"action":"IDE_ACTIVATED"}
{"ts":1709035535386,"action":"IDE_DEACTIVATED"}
{"ts":1709035536277,"action":"IDE_ACTIVATED"}
{"ts":1709035538324,"action":"IDE_DEACTIVATED"}
{"ts":1709035539345,"action":"IDE_ACTIVATED"}
{"ts":1709035541862,"action":"IDE_DEACTIVATED"}
{"ts":1709035542995,"action":"IDE_ACTIVATED"}
{"ts":1709035544980,"action":"IDE_DEACTIVATED"}
{"ts":1709035545791,"action":"IDE_ACTIVATED"}
{"ts":1709035550475,"action":"IDE_DEACTIVATED"}
{"ts":1709035551544,"action":"IDE_ACTIVATED"}
{"ts":1709035552843,"action":"IDE_DEACTIVATED"}
{"ts":1709035554333,"action":"IDE_ACTIVATED"}
{"ts":1709035556573,"action":"IDE_DEACTIVATED"}
{"ts":1709035557587,"action":"IDE_ACTIVATED"}
{"ts":1709035562564,"action":"IDE_DEACTIVATED"}
{"ts":1709035563768,"action":"IDE_ACTIVATED"}
{"ts":1709035565637,"action":"IDE_DEACTIVATED"}
{"ts":1709035566860,"action":"IDE_ACTIVATED"}
{"ts":1709035568479,"action":"IDE_DEACTIVATED"}
{"ts":1709035568958,"action":"IDE_ACTIVATED"}
{"ts":1709035569148,"action":"IDE_DEACTIVATED"}
{"ts":1709035570624,"action":"IDE_ACTIVATED"}
{"ts":1709035571968,"action":"FILE_CLOSED","file":"/tsconfig.json","tags":{"FILE_LINE_OF_CODE":"110"}}
{"ts":1709035571968,"action":"FILE_OPENED","file":"/package.json","tags":{"FILE_LINE_OF_CODE":"23"}}
{"ts":1709035572462,"action":"IDE_DEACTIVATED"}
{"ts":1709035573923,"action":"IDE_ACTIVATED"}
{"ts":1709035575974,"action":"IDE_DEACTIVATED"}
{"ts":1709035576777,"action":"IDE_ACTIVATED"}
{"ts":1709035578860,"action":"IDE_DEACTIVATED"}
{"ts":1709035579513,"action":"IDE_ACTIVATED"}
{"ts":1709035580443,"action":"IDE_DEACTIVATED"}
{"ts":1709035581267,"action":"IDE_ACTIVATED"}
{"ts":1709035582622,"action":"IDE_DEACTIVATED"}
{"ts":1709035585164,"action":"IDE_ACTIVATED"}
{"ts":1709035588498,"action":"IDE_DEACTIVATED"}
{"ts":1709035591051,"action":"IDE_ACTIVATED"}
{"ts":1709035591333,"action":"IDE_DEACTIVATED"}
{"ts":1709035605083,"action":"IDE_ACTIVATED"}
{"ts":1709035605452,"action":"IDE_DEACTIVATED"}
{"ts":1709035607619,"action":"IDE_ACTIVATED"}
{"ts":1709035624375,"action":"IDE_DEACTIVATED"}
{"ts":1709035625023,"action":"IDE_ACTIVATED"}
{"ts":1709035628135,"action":"IDE_DEACTIVATED"}
{"ts":1709035630271,"action":"IDE_ACTIVATED"}
{"ts":1709035631581,"action":"IDE_DEACTIVATED"}
{"ts":1709035636588,"action":"IDE_ACTIVATED"}
{"ts":1709035638092,"action":"IDE_DEACTIVATED"}
{"ts":1709035639145,"action":"IDE_ACTIVATED"}
{"ts":1709035641032,"action":"IDE_DEACTIVATED"}
{"ts":1709035641572,"action":"IDE_ACTIVATED"}
{"ts":1709035643322,"action":"IDE_DEACTIVATED"}
{"ts":1709035645963,"action":"IDE_ACTIVATED"}
{"ts":1709035649166,"action":"FILE_CLOSED","file":"/package.json","tags":{"FILE_LINE_OF_CODE":"25"}}
{"ts":1709035649166,"action":"FILE_OPENED","file":"/source/controllers/api.controller.ts","tags":{"FILE_LINE_OF_CODE":"0"}}
{"ts":1709035656633,"action":"IDE_DEACTIVATED"}
{"ts":1709035662630,"action":"IDE_ACTIVATED"}
{"ts":1709035669484,"action":"IDE_DEACTIVATED"}
{"ts":1709035670411,"action":"IDE_ACTIVATED"}
{"ts":1709035671478,"action":"IDE_DEACTIVATED"}
{"ts":1709035672944,"action":"IDE_ACTIVATED"}
{"ts":1709035675007,"action":"FILE_CLOSED","file":"/source/controllers/api.controller.ts","tags":{"FILE_LINE_OF_CODE":"0"}}
{"ts":1709035675007,"action":"FILE_OPENED","file":"/source/controllers/routes/index.ts","tags":{"FILE_LINE_OF_CODE":"0"}}
{"ts":1709035680130,"action":"FILE_CLOSED","file":"/source/controllers/routes/index.ts","tags":{"FILE_LINE_OF_CODE":"0"}}
{"ts":1709035680130,"action":"FILE_OPENED","file":"/source/controllers/routes/test.ts","tags":{"FILE_LINE_OF_CODE":"0"}}
{"ts":1709035681025,"action":"IDE_DEACTIVATED"}
{"ts":1709035683084,"action":"IDE_ACTIVATED"}
{"ts":1709035684233,"action":"FILE_CLOSED","file":"/source/controllers/routes/test.ts","tags":{"FILE_LINE_OF_CODE":"0"}}
{"ts":1709035684233,"action":"FILE_OPENED","file":"/source/controllers/routes/index.ts","tags":{"FILE_LINE_OF_CODE":"0"}}
{"ts":1709035685695,"action":"FILE_CLOSED","file":"/source/controllers/routes/index.ts","tags":{"FILE_LINE_OF_CODE":"0"}}
{"ts":1709035685695,"action":"FILE_OPENED","file":"/source/controllers/api.controller.ts","tags":{"FILE_LINE_OF_CODE":"0"}}
{"ts":1709035694026,"action":"IDE_DEACTIVATED"}
{"ts":1709035695791,"action":"IDE_ACTIVATED"}
{"ts":1709035699868,"action":"IDE_DEACTIVATED"}
{"ts":1709035700690,"action":"IDE_ACTIVATED"}
{"ts":1709035707453,"action":"IDE_DEACTIVATED"}
{"ts":1709035708344,"action":"IDE_ACTIVATED"}
{"ts":1709035711883,"action":"IDE_DEACTIVATED"}
{"ts":1709035712785,"action":"IDE_ACTIVATED"}
{"ts":1709035714135,"action":"IDE_DEACTIVATED"}
{"ts":1709035715051,"action":"IDE_ACTIVATED"}
{"ts":1709035717525,"action":"IDE_DEACTIVATED"}
{"ts":1709035718351,"action":"IDE_ACTIVATED"}
{"ts":1709035720112,"action":"IDE_DEACTIVATED"}
{"ts":1709035720975,"action":"IDE_ACTIVATED"}
{"ts":1709035722384,"action":"IDE_DEACTIVATED"}
{"ts":1709035723213,"action":"IDE_ACTIVATED"}
{"ts":1709035725471,"action":"IDE_DEACTIVATED"}
{"ts":1709035729932,"action":"IDE_ACTIVATED"}
{"ts":1709035740811,"action":"IDE_DEACTIVATED"}
{"ts":1709035741876,"action":"IDE_ACTIVATED"}
{"ts":1709035745135,"action":"IDE_DEACTIVATED"}
{"ts":1709035746034,"action":"IDE_ACTIVATED"}
{"ts":1709035749896,"action":"IDE_DEACTIVATED"}
{"ts":1709035751253,"action":"IDE_ACTIVATED"}
{"ts":1709035751963,"action":"IDE_DEACTIVATED"}
{"ts":1709035754073,"action":"IDE_ACTIVATED"}
{"ts":1709035767349,"action":"FILE_CLOSED","file":"/source/controllers/api.controller.ts","tags":{"FILE_LINE_OF_CODE":"6"}}
{"ts":1709035767349,"action":"FILE_OPENED","file":"/source/services/service.ts","tags":{"FILE_LINE_OF_CODE":"0"}}
{"ts":1709035769077,"action":"IDE_DEACTIVATED"}
{"ts":1709035770163,"action":"IDE_ACTIVATED"}
{"ts":1709035770965,"action":"FILE_CLOSED","file":"/source/services/service.ts","tags":{"FILE_LINE_OF_CODE":"0"}}
{"ts":1709035770965,"action":"FILE_OPENED","file":"/source/controllers/api.controller.ts","tags":{"FILE_LINE_OF_CODE":"6"}}
{"ts":1709035788588,"action":"IDE_DEACTIVATED"}
{"ts":1709035798400,"action":"IDE_ACTIVATED"}
{"ts":1709035801139,"action":"IDE_DEACTIVATED"}
{"ts":1709035802965,"action":"IDE_ACTIVATED"}
{"ts":1709035809571,"action":"IDE_DEACTIVATED"}
{"ts":1709035890080,"action":"IDE_ACTIVATED"}
{"ts":1709035891512,"action":"IDE_DEACTIVATED"}
{"ts":1709035892173,"action":"IDE_ACTIVATED"}
{"ts":1709035892209,"action":"IDE_DEACTIVATED"}
{"ts":1709035895047,"action":"IDE_ACTIVATED"}
{"ts":1709035898399,"action":"IDE_DEACTIVATED"}
{"ts":1709035899505,"action":"IDE_ACTIVATED"}
{"ts":1709035902763,"action":"IDE_DEACTIVATED"}
{"ts":1709035904009,"action":"IDE_ACTIVATED"}
{"ts":1709035908262,"action":"IDE_DEACTIVATED"}
{"ts":1709035910002,"action":"IDE_ACTIVATED"}
{"ts":1709035914798,"action":"IDE_DEACTIVATED"}
{"ts":1709035916803,"action":"IDE_ACTIVATED"}
{"ts":1709035918153,"action":"IDE_DEACTIVATED"}
{"ts":1709035919057,"action":"IDE_ACTIVATED"}
{"ts":1709035920136,"action":"IDE_DEACTIVATED"}
{"ts":1709035922065,"action":"IDE_ACTIVATED"}
{"ts":1709035926655,"action":"IDE_DEACTIVATED"}
{"ts":1709035928326,"action":"IDE_ACTIVATED"}
{"ts":1709035929279,"action":"IDE_DEACTIVATED"}
{"ts":1709035930560,"action":"IDE_ACTIVATED"}
{"ts":1709035932285,"action":"IDE_DEACTIVATED"}
{"ts":1709035933721,"action":"IDE_ACTIVATED"}
{"ts":1709035936693,"action":"IDE_DEACTIVATED"}
{"ts":1709035938309,"action":"IDE_ACTIVATED"}
{"ts":1709035939759,"action":"IDE_DEACTIVATED"}
{"ts":1709035950200,"action":"IDE_ACTIVATED"}
{"ts":1709035951812,"action":"IDE_DEACTIVATED"}
{"ts":1709035953232,"action":"IDE_ACTIVATED"}
{"ts":1709035955270,"action":"IDE_DEACTIVATED"}
{"ts":1709035956334,"action":"IDE_ACTIVATED"}
{"ts":1709035963503,"action":"IDE_DEACTIVATED"}
{"ts":1709035964515,"action":"IDE_ACTIVATED"}
{"ts":1709035966427,"action":"IDE_DEACTIVATED"}
{"ts":1709035967616,"action":"IDE_ACTIVATED"}
{"ts":1709035968641,"action":"IDE_DEACTIVATED"}
{"ts":1709035974563,"action":"IDE_ACTIVATED"}
{"ts":1709035978179,"action":"IDE_DEACTIVATED"}
{"ts":1709035980248,"action":"IDE_ACTIVATED"}
{"ts":1709035981703,"action":"IDE_DEACTIVATED"}
{"ts":1709035982373,"action":"IDE_ACTIVATED"}
{"ts":1709035984995,"action":"IDE_DEACTIVATED"}
{"ts":1709035986897,"action":"IDE_ACTIVATED"}
{"ts":1709035987786,"action":"IDE_DEACTIVATED"}
{"ts":1709036048579,"action":"IDE_ACTIVATED"}
{"ts":1709036050074,"action":"IDE_DEACTIVATED"}
{"ts":1709036050800,"action":"IDE_ACTIVATED"}
{"ts":1709036051240,"action":"IDE_DEACTIVATED"}
{"ts":1709036056005,"action":"IDE_ACTIVATED"}
{"ts":1709036056405,"action":"IDE_DEACTIVATED"}
{"ts":1709036059148,"action":"IDE_ACTIVATED"}
{"ts":1709036060522,"action":"IDE_DEACTIVATED"}
{"ts":1709036062232,"action":"IDE_ACTIVATED"}
{"ts":1709036063276,"action":"IDE_DEACTIVATED"}
{"ts":1709036064265,"action":"IDE_ACTIVATED"}
{"ts":1709036066259,"action":"IDE_DEACTIVATED"}
{"ts":1709036067342,"action":"IDE_ACTIVATED"}
{"ts":1709036068677,"action":"IDE_DEACTIVATED"}
{"ts":1709036069220,"action":"IDE_ACTIVATED"}
{"ts":1709036071539,"action":"IDE_DEACTIVATED"}
{"ts":1709036137942,"action":"IDE_ACTIVATED"}
{"ts":1709036140340,"action":"FILE_CLOSED","file":"/source/controllers/api.controller.ts","tags":{"FILE_LINE_OF_CODE":"11"}}
{"ts":1709036140340,"action":"FILE_OPENED","file":"/source/services/service.ts","tags":{"FILE_LINE_OF_CODE":"0"}}
{"ts":1709036141865,"action":"IDE_DEACTIVATED"}
{"ts":1709036142552,"action":"IDE_ACTIVATED"}
{"ts":1709036144895,"action":"IDE_DEACTIVATED"}
{"ts":1709036145821,"action":"IDE_ACTIVATED"}
{"ts":1709036146451,"action":"FILE_CLOSED","file":"/source/services/service.ts","tags":{"FILE_LINE_OF_CODE":"1"}}
{"ts":1709036146451,"action":"FILE_OPENED","file":"/source/controllers/api.controller.ts","tags":{"FILE_LINE_OF_CODE":"11"}}
{"ts":1709036161713,"action":"FILE_CLOSED","file":"/source/controllers/api.controller.ts","tags":{"FILE_LINE_OF_CODE":"11"}}
{"ts":1709036161713,"action":"FILE_OPENED","file":"/source/services/service.ts","tags":{"FILE_LINE_OF_CODE":"1"}}
{"ts":1709036162520,"action":"IDE_DEACTIVATED"}
{"ts":1709036176096,"action":"IDE_ACTIVATED"}
{"ts":1709036178391,"action":"IDE_DEACTIVATED"}
{"ts":1709036179184,"action":"IDE_ACTIVATED"}
{"ts":1709036182199,"action":"IDE_DEACTIVATED"}
{"ts":1709036183074,"action":"IDE_ACTIVATED"}
{"ts":1709036184856,"action":"IDE_DEACTIVATED"}
{"ts":1709036185981,"action":"IDE_ACTIVATED"}
{"ts":1709036188166,"action":"IDE_DEACTIVATED"}
{"ts":1709036189003,"action":"IDE_ACTIVATED"}
{"ts":1709036194250,"action":"IDE_DEACTIVATED"}
{"ts":1709036195024,"action":"IDE_ACTIVATED"}
{"ts":1709036198467,"action":"IDE_DEACTIVATED"}
{"ts":1709036199227,"action":"IDE_ACTIVATED"}
{"ts":1709036202131,"action":"IDE_DEACTIVATED"}
{"ts":1709036202921,"action":"IDE_ACTIVATED"}
{"ts":1709036205743,"action":"IDE_DEACTIVATED"}
{"ts":1709036290117,"action":"IDE_ACTIVATED"}
{"ts":1709036290415,"action":"IDE_DEACTIVATED"}
{"ts":1709036291707,"action":"IDE_ACTIVATED"}
{"ts":1709036292079,"action":"IDE_DEACTIVATED"}
{"ts":1709036298288,"action":"IDE_ACTIVATED"}
{"ts":1709036302077,"action":"FILE_CLOSED","file":"/source/services/service.ts","tags":{"FILE_LINE_OF_CODE":"26"}}
{"ts":1709036302077,"action":"FILE_OPENED","file":"/source/controllers/api.controller.ts","tags":{"FILE_LINE_OF_CODE":"11"}}
{"ts":1709036305319,"action":"IDE_DEACTIVATED"}
{"ts":1709036306004,"action":"IDE_ACTIVATED"}
{"ts":1709036308262,"action":"IDE_DEACTIVATED"}
{"ts":1709036308922,"action":"IDE_ACTIVATED"}
{"ts":1709036310718,"action":"IDE_DEACTIVATED"}
{"ts":1709036311715,"action":"IDE_ACTIVATED"}
{"ts":1709036313253,"action":"FILE_CLOSED","file":"/source/controllers/api.controller.ts","tags":{"FILE_LINE_OF_CODE":"12"}}
{"ts":1709036313253,"action":"FILE_OPENED","file":"/source/services/service.ts","tags":{"FILE_LINE_OF_CODE":"26"}}
{"ts":1709036318086,"action":"IDE_DEACTIVATED"}
{"ts":1709036333169,"action":"IDE_ACTIVATED"}
{"ts":1709036335327,"action":"FILE_CLOSED","file":"/source/services/service.ts","tags":{"FILE_LINE_OF_CODE":"26"}}
{"ts":1709036335327,"action":"FILE_OPENED","file":"/source/controllers/api.controller.ts","tags":{"FILE_LINE_OF_CODE":"12"}}
{"ts":1709036337234,"action":"IDE_DEACTIVATED"}
{"ts":1709036357575,"action":"IDE_ACTIVATED"}
{"ts":1709036361026,"action":"IDE_DEACTIVATED"}
{"ts":1709036361656,"action":"IDE_ACTIVATED"}
{"ts":1709036362352,"action":"IDE_DEACTIVATED"}
{"ts":1709036366247,"action":"IDE_ACTIVATED"}
{"ts":1709036370578,"action":"IDE_DEACTIVATED"}
{"ts":1709036378075,"action":"IDE_ACTIVATED"}
{"ts":1709036379658,"action":"FILE_CLOSED","file":"/source/controllers/api.controller.ts","tags":{"FILE_LINE_OF_CODE":"11"}}
{"ts":1709036379658,"action":"FILE_OPENED","file":"/tsconfig.json","tags":{"FILE_LINE_OF_CODE":"110"}}
{"ts":1709036389200,"action":"IDE_DEACTIVATED"}
{"ts":1709036409381,"action":"IDE_ACTIVATED"}
{"ts":1709036409756,"action":"IDE_DEACTIVATED"}
{"ts":1709036410078,"action":"IDE_ACTIVATED"}
{"ts":1709036413124,"action":"FILE_CLOSED","file":"/tsconfig.json","tags":{"FILE_LINE_OF_CODE":"110"}}
{"ts":1709036413124,"action":"FILE_OPENED","file":"/package-lock.json","tags":{"FILE_LINE_OF_CODE":"1445"}}
{"ts":1709036413902,"action":"FILE_CLOSED","file":"/package-lock.json","tags":{"FILE_LINE_OF_CODE":"1445"}}
{"ts":1709036413902,"action":"FILE_OPENED","file":"/package.json","tags":{"FILE_LINE_OF_CODE":"25"}}
